<?xml version="1.0" encoding="UTF-8"?>
<testsuite xmlns:xsi="http://www.w3.org/2001/XMLSchema-instance" xsi:noNamespaceSchemaLocation="https://maven.apache.org/surefire/maven-surefire-plugin/xsd/surefire-test-report.xsd" name="il.cshaifasweng.server.AppTest" time="0.035" tests="1" errors="0" skipped="0" failures="0">
  <properties>
    <property name="java.specification.version" value="17"/>
    <property name="sun.cpu.isalist" value="amd64"/>
    <property name="sun.jnu.encoding" value="Cp1252"/>
    <property name="java.class.path" value="C:\Users\moham\Documents\to5na m3vdot\hellogit-updated-rai-muhammadlast\server\target\test-classes;C:\Users\moham\Documents\to5na m3vdot\hellogit-updated-rai-muhammadlast\server\target\classes;C:\Users\moham\.m2\repository\junit\junit\4.13.1\junit-4.13.1.jar;C:\Users\moham\.m2\repository\org\hamcrest\hamcrest-core\1.3\hamcrest-core-1.3.jar;C:\Users\moham\Documents\to5na m3vdot\hellogit-updated-rai-muhammadlast\entities\target\entities-0.0.1-SNAPSHOT.jar;C:\Users\moham\.m2\repository\mysql\mysql-connector-java\8.0.28\mysql-connector-java-8.0.28.jar;C:\Users\moham\.m2\repository\com\google\protobuf\protobuf-java\3.11.4\protobuf-java-3.11.4.jar;C:\Users\moham\.m2\repository\org\hibernate\hibernate-core\5.4.12.Final\hibernate-core-5.4.12.Final.jar;C:\Users\moham\.m2\repository\org\jboss\logging\jboss-logging\3.3.2.Final\jboss-logging-3.3.2.Final.jar;C:\Users\moham\.m2\repository\javax\persistence\javax.persistence-api\2.2\javax.persistence-api-2.2.jar;C:\Users\moham\.m2\repository\org\javassist\javassist\3.24.0-GA\javassist-3.24.0-GA.jar;C:\Users\moham\.m2\repository\net\bytebuddy\byte-buddy\1.10.7\byte-buddy-1.10.7.jar;C:\Users\moham\.m2\repository\antlr\antlr\2.7.7\antlr-2.7.7.jar;C:\Users\moham\.m2\repository\org\jboss\spec\javax\transaction\jboss-transaction-api_1.2_spec\1.1.1.Final\jboss-transaction-api_1.2_spec-1.1.1.Final.jar;C:\Users\moham\.m2\repository\org\jboss\jandex\2.1.1.Final\jandex-2.1.1.Final.jar;C:\Users\moham\.m2\repository\com\fasterxml\classmate\1.5.1\classmate-1.5.1.jar;C:\Users\moham\.m2\repository\javax\activation\javax.activation-api\1.2.0\javax.activation-api-1.2.0.jar;C:\Users\moham\.m2\repository\org\dom4j\dom4j\2.1.1\dom4j-2.1.1.jar;C:\Users\moham\.m2\repository\org\hibernate\common\hibernate-commons-annotations\5.1.0.Final\hibernate-commons-annotations-5.1.0.Final.jar;C:\Users\moham\.m2\repository\javax\xml\bind\jaxb-api\2.3.1\jaxb-api-2.3.1.jar;C:\Users\moham\.m2\repository\org\glassfish\jaxb\jaxb-runtime\2.3.1\jaxb-runtime-2.3.1.jar;C:\Users\moham\.m2\repository\org\glassfish\jaxb\txw2\2.3.1\txw2-2.3.1.jar;C:\Users\moham\.m2\repository\com\sun\istack\istack-commons-runtime\3.0.7\istack-commons-runtime-3.0.7.jar;C:\Users\moham\.m2\repository\org\jvnet\staxex\stax-ex\1.8\stax-ex-1.8.jar;C:\Users\moham\.m2\repository\com\sun\xml\fastinfoset\FastInfoset\1.2.15\FastInfoset-1.2.15.jar;C:\Users\moham\Documents\to5na m3vdot\hellogit-updated-rai-muhammadlast\client\target\client-0.0.1-SNAPSHOT.jar;C:\Users\moham\.m2\repository\org\openjfx\javafx-base\16\javafx-base-16.jar;C:\Users\moham\.m2\repository\org\openjfx\javafx-base\16\javafx-base-16-win.jar;C:\Users\moham\.m2\repository\org\openjfx\javafx-controls\16\javafx-controls-16.jar;C:\Users\moham\.m2\repository\org\openjfx\javafx-controls\16\javafx-controls-16-win.jar;C:\Users\moham\.m2\repository\org\openjfx\javafx-fxml\16\javafx-fxml-16.jar;C:\Users\moham\.m2\repository\org\openjfx\javafx-fxml\16\javafx-fxml-16-win.jar;C:\Users\moham\.m2\repository\org\greenrobot\eventbus\3.2.0\eventbus-3.2.0.jar;C:\Users\moham\.m2\repository\org\openjfx\javafx-graphics\14\javafx-graphics-14.jar;C:\Users\moham\.m2\repository\org\openjfx\javafx-graphics\14\javafx-graphics-14-win.jar;C:\Users\moham\.m2\repository\org\apache\servicemix\document\org.apache.servicemix.document\1.6.1\org.apache.servicemix.document-1.6.1.jar;C:\Users\moham\.m2\repository\org\springframework\spring-beans\3.0.7.RELEASE\spring-beans-3.0.7.RELEASE.jar;C:\Users\moham\.m2\repository\org\springframework\spring-core\3.0.7.RELEASE\spring-core-3.0.7.RELEASE.jar;C:\Users\moham\.m2\repository\org\springframework\spring-asm\3.0.7.RELEASE\spring-asm-3.0.7.RELEASE.jar;C:\Users\moham\.m2\repository\commons-logging\commons-logging\1.1.1\commons-logging-1.1.1.jar;C:\Users\moham\.m2\repository\org\apache\aries\blueprint\org.apache.aries.blueprint\0.3.2\org.apache.aries.blueprint-0.3.2.jar;C:\Users\moham\.m2\repository\org\apache\aries\org.apache.aries.util\0.3\org.apache.aries.util-0.3.jar;C:\Users\moham\.m2\repository\org\slf4j\slf4j-api\1.5.11\slf4j-api-1.5.11.jar;C:\Users\moham\.m2\repository\org\apache\aries\testsupport\org.apache.aries.testsupport.unit\0.3\org.apache.aries.testsupport.unit-0.3.jar;C:\Users\moham\.m2\repository\org\apache\aries\proxy\org.apache.aries.proxy.api\0.3\org.apache.aries.proxy.api-0.3.jar;C:\Users\moham\.m2\repository\org\incode\module\document\incode-module-document-dom\1.15.1.1\incode-module-document-dom-1.15.1.1.jar;C:\Users\moham\.m2\repository\org\apache\isis\core\isis-core-applib\1.15.1\isis-core-applib-1.15.1.jar;C:\Users\moham\.m2\repository\org\apache\isis\core\isis-core-schema\1.15.1\isis-core-schema-1.15.1.jar;C:\Users\moham\.m2\repository\joda-time\joda-time\2.9.4\joda-time-2.9.4.jar;C:\Users\moham\.m2\repository\org\apache\geronimo\specs\geronimo-atinject_1.0_spec\1.0\geronimo-atinject_1.0_spec-1.0.jar;C:\Users\moham\.m2\repository\javax\validation\validation-api\1.1.0.Final\validation-api-1.1.0.Final.jar;C:\Users\moham\.m2\repository\org\apache\geronimo\specs\geronimo-jta_1.1_spec\1.1.1\geronimo-jta_1.1_spec-1.1.1.jar;C:\Users\moham\.m2\repository\org\apache\geronimo\specs\geronimo-jcdi_1.0_spec\1.0\geronimo-jcdi_1.0_spec-1.0.jar;C:\Users\moham\.m2\repository\org\jboss\spec\javax\ws\rs\jboss-jaxrs-api_2.0_spec\1.0.0.Final\jboss-jaxrs-api_2.0_spec-1.0.0.Final.jar;C:\Users\moham\.m2\repository\javax\jdo\jdo-api\3.1\jdo-api-3.1.jar;C:\Users\moham\.m2\repository\javax\transaction\transaction-api\1.1\transaction-api-1.1.jar;C:\Users\moham\.m2\repository\org\datanucleus\datanucleus-api-jdo\4.1.1\datanucleus-api-jdo-4.1.1.jar;C:\Users\moham\.m2\repository\org\datanucleus\datanucleus-jdo-query\4.0.5\datanucleus-jdo-query-4.0.5.jar;C:\Users\moham\.m2\repository\org\reflections\reflections\0.9.10\reflections-0.9.10.jar;C:\Users\moham\.m2\repository\com\google\code\findbugs\annotations\2.0.1\annotations-2.0.1.jar;C:\Users\moham\.m2\repository\com\google\guava\guava\19.0\guava-19.0.jar;C:\Users\moham\.m2\repository\org\hamcrest\hamcrest-library\1.3\hamcrest-library-1.3.jar;C:\Users\moham\.m2\repository\org\incode\module\base\incode-module-base-dom\1.15.1.1\incode-module-base-dom-1.15.1.1.jar;C:\Users\moham\.m2\repository\org\apache\commons\commons-lang3\3.1\commons-lang3-3.1.jar;C:\Users\moham\.m2\repository\org\isisaddons\module\command\isis-module-command-dom\1.15.1.1\isis-module-command-dom-1.15.1.1.jar;C:\Users\moham\.m2\repository\org\apache\poi\poi\5.2.0\poi-5.2.0.jar;C:\Users\moham\.m2\repository\commons-codec\commons-codec\1.15\commons-codec-1.15.jar;C:\Users\moham\.m2\repository\org\apache\commons\commons-collections4\4.4\commons-collections4-4.4.jar;C:\Users\moham\.m2\repository\org\apache\commons\commons-math3\3.6.1\commons-math3-3.6.1.jar;C:\Users\moham\.m2\repository\commons-io\commons-io\2.11.0\commons-io-2.11.0.jar;C:\Users\moham\.m2\repository\com\zaxxer\SparseBitSet\1.2\SparseBitSet-1.2.jar;C:\Users\moham\.m2\repository\org\apache\logging\log4j\log4j-api\2.17.1\log4j-api-2.17.1.jar;C:\Users\moham\.m2\repository\org\apache\poi\poi-ooxml\5.2.0\poi-ooxml-5.2.0.jar;C:\Users\moham\.m2\repository\org\apache\poi\poi-ooxml-lite\5.2.0\poi-ooxml-lite-5.2.0.jar;C:\Users\moham\.m2\repository\org\apache\xmlbeans\xmlbeans\5.0.3\xmlbeans-5.0.3.jar;C:\Users\moham\.m2\repository\org\apache\commons\commons-compress\1.21\commons-compress-1.21.jar;C:\Users\moham\.m2\repository\com\github\virtuald\curvesapi\1.06\curvesapi-1.06.jar;C:\Users\moham\.m2\repository\org\apache\logging\log4j\log4j-core\2.17.1\log4j-core-2.17.1.jar;"/>
    <property name="java.vm.vendor" value="Eclipse Adoptium"/>
    <property name="sun.arch.data.model" value="64"/>
    <property name="user.variant" value=""/>
    <property name="java.vendor.url" value="https://adoptium.net/"/>
    <property name="user.timezone" value="Asia/Jerusalem"/>
    <property name="user.country.format" value="IL"/>
    <property name="os.name" value="Windows 10"/>
    <property name="java.vm.specification.version" value="17"/>
    <property name="sun.java.launcher" value="SUN_STANDARD"/>
    <property name="user.country" value="US"/>
    <property name="sun.boot.library.path" value="C:\Users\moham\.jdks\temurin-17.0.6\bin"/>
    <property name="sun.java.command" value="C:\Users\moham\AppData\Local\Temp\surefire7027660643120627843\surefirebooter9741437301299110189.jar C:\Users\moham\AppData\Local\Temp\surefire7027660643120627843 2023-10-23T20-36-15_905-jvmRun1 surefire14497646919328854119tmp surefire_050880689783268463tmp"/>
    <property name="jdk.debug" value="release"/>
    <property name="surefire.test.class.path" value="C:\Users\moham\Documents\to5na m3vdot\hellogit-updated-rai-muhammadlast\server\target\test-classes;C:\Users\moham\Documents\to5na m3vdot\hellogit-updated-rai-muhammadlast\server\target\classes;C:\Users\moham\.m2\repository\junit\junit\4.13.1\junit-4.13.1.jar;C:\Users\moham\.m2\repository\org\hamcrest\hamcrest-core\1.3\hamcrest-core-1.3.jar;C:\Users\moham\Documents\to5na m3vdot\hellogit-updated-rai-muhammadlast\entities\target\entities-0.0.1-SNAPSHOT.jar;C:\Users\moham\.m2\repository\mysql\mysql-connector-java\8.0.28\mysql-connector-java-8.0.28.jar;C:\Users\moham\.m2\repository\com\google\protobuf\protobuf-java\3.11.4\protobuf-java-3.11.4.jar;C:\Users\moham\.m2\repository\org\hibernate\hibernate-core\5.4.12.Final\hibernate-core-5.4.12.Final.jar;C:\Users\moham\.m2\repository\org\jboss\logging\jboss-logging\3.3.2.Final\jboss-logging-3.3.2.Final.jar;C:\Users\moham\.m2\repository\javax\persistence\javax.persistence-api\2.2\javax.persistence-api-2.2.jar;C:\Users\moham\.m2\repository\org\javassist\javassist\3.24.0-GA\javassist-3.24.0-GA.jar;C:\Users\moham\.m2\repository\net\bytebuddy\byte-buddy\1.10.7\byte-buddy-1.10.7.jar;C:\Users\moham\.m2\repository\antlr\antlr\2.7.7\antlr-2.7.7.jar;C:\Users\moham\.m2\repository\org\jboss\spec\javax\transaction\jboss-transaction-api_1.2_spec\1.1.1.Final\jboss-transaction-api_1.2_spec-1.1.1.Final.jar;C:\Users\moham\.m2\repository\org\jboss\jandex\2.1.1.Final\jandex-2.1.1.Final.jar;C:\Users\moham\.m2\repository\com\fasterxml\classmate\1.5.1\classmate-1.5.1.jar;C:\Users\moham\.m2\repository\javax\activation\javax.activation-api\1.2.0\javax.activation-api-1.2.0.jar;C:\Users\moham\.m2\repository\org\dom4j\dom4j\2.1.1\dom4j-2.1.1.jar;C:\Users\moham\.m2\repository\org\hibernate\common\hibernate-commons-annotations\5.1.0.Final\hibernate-commons-annotations-5.1.0.Final.jar;C:\Users\moham\.m2\repository\javax\xml\bind\jaxb-api\2.3.1\jaxb-api-2.3.1.jar;C:\Users\moham\.m2\repository\org\glassfish\jaxb\jaxb-runtime\2.3.1\jaxb-runtime-2.3.1.jar;C:\Users\moham\.m2\repository\org\glassfish\jaxb\txw2\2.3.1\txw2-2.3.1.jar;C:\Users\moham\.m2\repository\com\sun\istack\istack-commons-runtime\3.0.7\istack-commons-runtime-3.0.7.jar;C:\Users\moham\.m2\repository\org\jvnet\staxex\stax-ex\1.8\stax-ex-1.8.jar;C:\Users\moham\.m2\repository\com\sun\xml\fastinfoset\FastInfoset\1.2.15\FastInfoset-1.2.15.jar;C:\Users\moham\Documents\to5na m3vdot\hellogit-updated-rai-muhammadlast\client\target\client-0.0.1-SNAPSHOT.jar;C:\Users\moham\.m2\repository\org\openjfx\javafx-base\16\javafx-base-16.jar;C:\Users\moham\.m2\repository\org\openjfx\javafx-base\16\javafx-base-16-win.jar;C:\Users\moham\.m2\repository\org\openjfx\javafx-controls\16\javafx-controls-16.jar;C:\Users\moham\.m2\repository\org\openjfx\javafx-controls\16\javafx-controls-16-win.jar;C:\Users\moham\.m2\repository\org\openjfx\javafx-fxml\16\javafx-fxml-16.jar;C:\Users\moham\.m2\repository\org\openjfx\javafx-fxml\16\javafx-fxml-16-win.jar;C:\Users\moham\.m2\repository\org\greenrobot\eventbus\3.2.0\eventbus-3.2.0.jar;C:\Users\moham\.m2\repository\org\openjfx\javafx-graphics\14\javafx-graphics-14.jar;C:\Users\moham\.m2\repository\org\openjfx\javafx-graphics\14\javafx-graphics-14-win.jar;C:\Users\moham\.m2\repository\org\apache\servicemix\document\org.apache.servicemix.document\1.6.1\org.apache.servicemix.document-1.6.1.jar;C:\Users\moham\.m2\repository\org\springframework\spring-beans\3.0.7.RELEASE\spring-beans-3.0.7.RELEASE.jar;C:\Users\moham\.m2\repository\org\springframework\spring-core\3.0.7.RELEASE\spring-core-3.0.7.RELEASE.jar;C:\Users\moham\.m2\repository\org\springframework\spring-asm\3.0.7.RELEASE\spring-asm-3.0.7.RELEASE.jar;C:\Users\moham\.m2\repository\commons-logging\commons-logging\1.1.1\commons-logging-1.1.1.jar;C:\Users\moham\.m2\repository\org\apache\aries\blueprint\org.apache.aries.blueprint\0.3.2\org.apache.aries.blueprint-0.3.2.jar;C:\Users\moham\.m2\repository\org\apache\aries\org.apache.aries.util\0.3\org.apache.aries.util-0.3.jar;C:\Users\moham\.m2\repository\org\slf4j\slf4j-api\1.5.11\slf4j-api-1.5.11.jar;C:\Users\moham\.m2\repository\org\apache\aries\testsupport\org.apache.aries.testsupport.unit\0.3\org.apache.aries.testsupport.unit-0.3.jar;C:\Users\moham\.m2\repository\org\apache\aries\proxy\org.apache.aries.proxy.api\0.3\org.apache.aries.proxy.api-0.3.jar;C:\Users\moham\.m2\repository\org\incode\module\document\incode-module-document-dom\1.15.1.1\incode-module-document-dom-1.15.1.1.jar;C:\Users\moham\.m2\repository\org\apache\isis\core\isis-core-applib\1.15.1\isis-core-applib-1.15.1.jar;C:\Users\moham\.m2\repository\org\apache\isis\core\isis-core-schema\1.15.1\isis-core-schema-1.15.1.jar;C:\Users\moham\.m2\repository\joda-time\joda-time\2.9.4\joda-time-2.9.4.jar;C:\Users\moham\.m2\repository\org\apache\geronimo\specs\geronimo-atinject_1.0_spec\1.0\geronimo-atinject_1.0_spec-1.0.jar;C:\Users\moham\.m2\repository\javax\validation\validation-api\1.1.0.Final\validation-api-1.1.0.Final.jar;C:\Users\moham\.m2\repository\org\apache\geronimo\specs\geronimo-jta_1.1_spec\1.1.1\geronimo-jta_1.1_spec-1.1.1.jar;C:\Users\moham\.m2\repository\org\apache\geronimo\specs\geronimo-jcdi_1.0_spec\1.0\geronimo-jcdi_1.0_spec-1.0.jar;C:\Users\moham\.m2\repository\org\jboss\spec\javax\ws\rs\jboss-jaxrs-api_2.0_spec\1.0.0.Final\jboss-jaxrs-api_2.0_spec-1.0.0.Final.jar;C:\Users\moham\.m2\repository\javax\jdo\jdo-api\3.1\jdo-api-3.1.jar;C:\Users\moham\.m2\repository\javax\transaction\transaction-api\1.1\transaction-api-1.1.jar;C:\Users\moham\.m2\repository\org\datanucleus\datanucleus-api-jdo\4.1.1\datanucleus-api-jdo-4.1.1.jar;C:\Users\moham\.m2\repository\org\datanucleus\datanucleus-jdo-query\4.0.5\datanucleus-jdo-query-4.0.5.jar;C:\Users\moham\.m2\repository\org\reflections\reflections\0.9.10\reflections-0.9.10.jar;C:\Users\moham\.m2\repository\com\google\code\findbugs\annotations\2.0.1\annotations-2.0.1.jar;C:\Users\moham\.m2\repository\com\google\guava\guava\19.0\guava-19.0.jar;C:\Users\moham\.m2\repository\org\hamcrest\hamcrest-library\1.3\hamcrest-library-1.3.jar;C:\Users\moham\.m2\repository\org\incode\module\base\incode-module-base-dom\1.15.1.1\incode-module-base-dom-1.15.1.1.jar;C:\Users\moham\.m2\repository\org\apache\commons\commons-lang3\3.1\commons-lang3-3.1.jar;C:\Users\moham\.m2\repository\org\isisaddons\module\command\isis-module-command-dom\1.15.1.1\isis-module-command-dom-1.15.1.1.jar;C:\Users\moham\.m2\repository\org\apache\poi\poi\5.2.0\poi-5.2.0.jar;C:\Users\moham\.m2\repository\commons-codec\commons-codec\1.15\commons-codec-1.15.jar;C:\Users\moham\.m2\repository\org\apache\commons\commons-collections4\4.4\commons-collections4-4.4.jar;C:\Users\moham\.m2\repository\org\apache\commons\commons-math3\3.6.1\commons-math3-3.6.1.jar;C:\Users\moham\.m2\repository\commons-io\commons-io\2.11.0\commons-io-2.11.0.jar;C:\Users\moham\.m2\repository\com\zaxxer\SparseBitSet\1.2\SparseBitSet-1.2.jar;C:\Users\moham\.m2\repository\org\apache\logging\log4j\log4j-api\2.17.1\log4j-api-2.17.1.jar;C:\Users\moham\.m2\repository\org\apache\poi\poi-ooxml\5.2.0\poi-ooxml-5.2.0.jar;C:\Users\moham\.m2\repository\org\apache\poi\poi-ooxml-lite\5.2.0\poi-ooxml-lite-5.2.0.jar;C:\Users\moham\.m2\repository\org\apache\xmlbeans\xmlbeans\5.0.3\xmlbeans-5.0.3.jar;C:\Users\moham\.m2\repository\org\apache\commons\commons-compress\1.21\commons-compress-1.21.jar;C:\Users\moham\.m2\repository\com\github\virtuald\curvesapi\1.06\curvesapi-1.06.jar;C:\Users\moham\.m2\repository\org\apache\logging\log4j\log4j-core\2.17.1\log4j-core-2.17.1.jar;"/>
    <property name="sun.cpu.endian" value="little"/>
    <property name="user.home" value="C:\Users\moham"/>
    <property name="user.language" value="en"/>
    <property name="java.specification.vendor" value="Oracle Corporation"/>
    <property name="java.version.date" value="2023-01-17"/>
    <property name="java.home" value="C:\Users\moham\.jdks\temurin-17.0.6"/>
    <property name="file.separator" value="\"/>
    <property name="basedir" value="C:\Users\moham\Documents\to5na m3vdot\hellogit-updated-rai-muhammadlast\server"/>
    <property name="java.vm.compressedOopsMode" value="Zero based"/>
    <property name="line.separator" value="&#10;"/>
    <property name="java.vm.specification.vendor" value="Oracle Corporation"/>
    <property name="java.specification.name" value="Java Platform API Specification"/>
    <property name="surefire.real.class.path" value="C:\Users\moham\AppData\Local\Temp\surefire7027660643120627843\surefirebooter9741437301299110189.jar"/>
    <property name="user.script" value=""/>
    <property name="sun.management.compiler" value="HotSpot 64-Bit Tiered Compilers"/>
    <property name="java.runtime.version" value="17.0.6+10"/>
    <property name="user.name" value="moham"/>
    <property name="path.separator" value=";"/>
    <property name="os.version" value="10.0"/>
    <property name="java.runtime.name" value="OpenJDK Runtime Environment"/>
    <property name="file.encoding" value="Cp1252"/>
    <property name="java.vm.name" value="OpenJDK 64-Bit Server VM"/>
    <property name="java.vendor.version" value="Temurin-17.0.6+10"/>
    <property name="localRepository" value="C:\Users\moham\.m2\repository"/>
    <property name="java.vendor.url.bug" value="https://github.com/adoptium/adoptium-support/issues"/>
    <property name="java.io.tmpdir" value="C:\Users\moham\AppData\Local\Temp\"/>
    <property name="idea.version" value="2023.1.4"/>
    <property name="java.version" value="17.0.6"/>
    <property name="user.dir" value="C:\Users\moham\Documents\to5na m3vdot\hellogit-updated-rai-muhammadlast\server"/>
    <property name="os.arch" value="amd64"/>
    <property name="java.vm.specification.name" value="Java Virtual Machine Specification"/>
    <property name="sun.os.patch.level" value=""/>
    <property name="native.encoding" value="Cp1252"/>
    <property name="java.library.path" value="C:\Users\moham\.jdks\temurin-17.0.6\bin;C:\WINDOWS\Sun\Java\bin;C:\WINDOWS\system32;C:\WINDOWS;C:\Program Files (x86)\VMware\VMware Player\bin\;C:\WINDOWS\system32;C:\WINDOWS;C:\WINDOWS\System32\Wbem;C:\WINDOWS\System32\WindowsPowerShell\v1.0\;C:\WINDOWS\System32\OpenSSH\;C:\MinGW\bin;C:\Program Files\SourceGear\Common\DiffMerge\;C:\Program Files\Git\cmd;C:\Program Files\dotnet\;C:\Program Files (x86)\NVIDIA Corporation\PhysX\Common;C:\Program Files\MySQL\MySQL Shell 8.0\bin\;C:\Users\moham\AppData\Local\Microsoft\WindowsApps;C:\Program Files\JetBrains\IntelliJ IDEA Community Edition 2022.3.3\bin;C:\Program Files\JetBrains\IntelliJ IDEA 2023.1.4\bin;C:\Users\moham\AppData\Local\gitkraken\bin;C:\Users\moham\AppData\Local\GitHubDesktop\bin;."/>
    <property name="java.vm.info" value="mixed mode, sharing"/>
    <property name="java.vendor" value="Eclipse Adoptium"/>
    <property name="java.vm.version" value="17.0.6+10"/>
    <property name="sun.io.unicode.encoding" value="UnicodeLittle"/>
    <property name="java.class.version" value="61.0"/>
  </properties>
  <testcase name="shouldAnswerWithTrue" classname="il.cshaifasweng.server.AppTest" time="0.002"/>
</testsuite>